<?xml version="1.0" encoding="UTF-8"?>
<!-- Generated by org.testng.reporters.JUnitReportReporter -->
<testsuite skipped="0" hostname="Supports-MacBook-Pro-4.local" name="tests.TC10_ValidateAdvancePaymentsRequest_Test" tests="1" failures="0" timestamp="2022-06-16T14:51:58 IST" time="10.027" errors="0">
  <testcase name="AdvancePaymentsRequest" time="10.027" classname="tests.TC10_ValidateAdvancePaymentsRequest_Test"/>
  <system-out/>
</testsuite> <!-- tests.TC10_ValidateAdvancePaymentsRequest_Test -->
