<?xml version="1.0" encoding="UTF-8"?>
<!-- Generated by org.testng.reporters.JUnitReportReporter -->
<testsuite skipped="0" hostname="Supports-MacBook-Pro-4.local" name="tests.TC_008_SR_Verify_Sale_Request_History_Tab_Test" tests="1" failures="0" timestamp="2022-08-22T12:21:59 IST" time="87.977" errors="0">
  <testcase name="salesRequest_HistoryTab" time="87.977" classname="tests.TC_008_SR_Verify_Sale_Request_History_Tab_Test"/>
  <system-out/>
</testsuite> <!-- tests.TC_008_SR_Verify_Sale_Request_History_Tab_Test -->
