<?xml version="1.0" encoding="UTF-8"?>
<!-- Generated by org.testng.reporters.JUnitReportReporter -->
<testsuite skipped="0" hostname="Supports-MacBook-Pro-4.local" name="com.farmer.scripts.StockReleaseRequest.TC_002_SRR_Creating_New_SR_Request_Self_Test" tests="1" failures="0" timestamp="30 Nov 2022 04:21:11 GMT" time="50.846" errors="0">
  <testcase name="stockReleaseRequest_Self" time="50.846" classname="com.farmer.scripts.StockReleaseRequest.TC_002_SRR_Creating_New_SR_Request_Self_Test"/>
</testsuite> <!-- com.farmer.scripts.StockReleaseRequest.TC_002_SRR_Creating_New_SR_Request_Self_Test -->
