<?xml version="1.0" encoding="UTF-8"?>
<!-- Generated by org.testng.reporters.JUnitReportReporter -->
<testsuite skipped="0" hostname="Supports-MacBook-Pro-4.local" name="com.farmer.script.WarehouseAge.TC1_001_WH_Age" tests="1" failures="0" timestamp="2022-09-21T12:04:59 IST" time="42.151" errors="0">
  <testcase name="wareHouseAge" time="42.151" classname="com.farmer.script.WarehouseAge.TC1_001_WH_Age"/>
  <system-out/>
</testsuite> <!-- com.farmer.script.WarehouseAge.TC1_001_WH_Age -->
