<?xml version="1.0" encoding="UTF-8"?>
<!-- Generated by org.testng.reporters.JUnitReportReporter -->
<testsuite skipped="0" hostname="JREDDY.local" name="com.farmer.scripts.MarketPlace.TC07_ValidatePPLMsgInMyCart" tests="1" failures="0" timestamp="07 Jul 2023 04:51:27 GMT" time="22.252" errors="0">
  <testcase name="testpplMsgInMyCart" time="22.252" classname="com.farmer.scripts.MarketPlace.TC07_ValidatePPLMsgInMyCart"/>
</testsuite> <!-- com.farmer.scripts.MarketPlace.TC07_ValidatePPLMsgInMyCart -->
