<?xml version="1.0" encoding="UTF-8"?>
<!-- Generated by org.testng.reporters.JUnitReportReporter -->
<testsuite skipped="0" hostname="Supports-MacBook-Pro-4.local" name="com.farmer.scripts.WarehouseRequest.TC_005_EditATR_Test" tests="1" failures="0" timestamp="30 Nov 2022 04:21:11 GMT" time="18.501" errors="0">
  <testcase name="WH_EditATR" time="18.501" classname="com.farmer.scripts.WarehouseRequest.TC_005_EditATR_Test"/>
</testsuite> <!-- com.farmer.scripts.WarehouseRequest.TC_005_EditATR_Test -->
