<?xml version="1.0" encoding="UTF-8"?>
<!-- Generated by org.testng.reporters.JUnitReportReporter -->
<testsuite skipped="0" hostname="Supports-MacBook-Pro-4.local" name="tests.TC3_ValidateHamBurgerMenuTest" tests="1" failures="0" timestamp="30 Nov 2022 04:21:11 GMT" time="12.153" errors="0">
  <testcase name="hamBurgerMenu" time="12.153" classname="tests.TC3_ValidateHamBurgerMenuTest"/>
</testsuite> <!-- tests.TC3_ValidateHamBurgerMenuTest -->
