<?xml version="1.0" encoding="UTF-8"?>
<!-- Generated by org.testng.reporters.JUnitReportReporter -->
<testsuite skipped="0" hostname="Supports-MacBook-Pro-4.local" name="com.farmer.scripts.Login.TC_003_Logout_Test" tests="2" failures="0" timestamp="30 Nov 2022 04:21:11 GMT" time="42.921" errors="0">
  <testcase name="logout" time="20.149" classname="com.farmer.scripts.Login.TC_003_Logout_Test"/>
  <testcase name="logout" time="22.772" classname="com.farmer.scripts.Login.TC_003_Logout_Test"/>
</testsuite> <!-- com.farmer.scripts.Login.TC_003_Logout_Test -->
