<?xml version="1.0" encoding="UTF-8"?>
<!-- Generated by org.testng.reporters.JUnitReportReporter -->
<testsuite skipped="0" hostname="Supports-MacBook-Pro-4.local" name="tests.TC_002_AP_Verify_When_There_Are_No_Products_Available_Test" tests="1" failures="0" timestamp="2022-08-22T12:21:59 IST" time="29.241" errors="0">
  <testcase name="advanvePayment_NoProduct" time="29.241" classname="tests.TC_002_AP_Verify_When_There_Are_No_Products_Available_Test"/>
  <system-out/>
</testsuite> <!-- tests.TC_002_AP_Verify_When_There_Are_No_Products_Available_Test -->
