<?xml version="1.0" encoding="UTF-8"?>
<!-- Generated by org.testng.reporters.JUnitReportReporter -->
<testsuite skipped="0" hostname="Supports-MacBook-Pro-4.local" name="tests.TC_010_SR_Verify_FilterOperation_Historytab_Test" tests="1" failures="0" timestamp="2022-08-22T12:21:59 IST" time="143.950" errors="0">
  <testcase name="salesRequest_FilterOperation_HistoryTab" time="143.950" classname="tests.TC_010_SR_Verify_FilterOperation_Historytab_Test"/>
  <system-out/>
</testsuite> <!-- tests.TC_010_SR_Verify_FilterOperation_Historytab_Test -->
