<?xml version="1.0" encoding="UTF-8"?>
<!-- Generated by org.testng.reporters.JUnitReportReporter -->
<testsuite skipped="0" hostname="Supports-MacBook-Pro-4.local" name="com.farmer.scripts.SOA.TC_003_SOA_Validate_Financials_Screen_Test" tests="1" failures="0" timestamp="30 Nov 2022 04:21:11 GMT" time="9.593" errors="0">
  <testcase name="soa_ValidateFinancials" time="9.593" classname="com.farmer.scripts.SOA.TC_003_SOA_Validate_Financials_Screen_Test"/>
</testsuite> <!-- com.farmer.scripts.SOA.TC_003_SOA_Validate_Financials_Screen_Test -->
