<?xml version="1.0" encoding="UTF-8"?>
<!-- Generated by org.testng.reporters.JUnitReportReporter -->
<testsuite skipped="0" hostname="JREDDY.local" name="com.farmer.sripts.MarketPlace.TC06_ValidateCartBtn" tests="1" failures="0" timestamp="16 Jun 2023 06:50:54 GMT" time="24.694" errors="0">
  <testcase name="testmarketPlaceCartBtn" time="24.694" classname="com.farmer.sripts.MarketPlace.TC06_ValidateCartBtn"/>
</testsuite> <!-- com.farmer.sripts.MarketPlace.TC06_ValidateCartBtn -->
