<?xml version="1.0" encoding="UTF-8"?>
<!-- Generated by org.testng.reporters.JUnitReportReporter -->
<testsuite skipped="0" hostname="Supports-MacBook-Pro-4.local" name="com.farmer.scripts.MyProfile.TC_001_Profile_Verify_ProfileScreen_Test" tests="1" failures="0" timestamp="30 Nov 2022 04:21:11 GMT" time="7.974" errors="0">
  <testcase name="profile_VerifyScreen" time="7.974" classname="com.farmer.scripts.MyProfile.TC_001_Profile_Verify_ProfileScreen_Test"/>
</testsuite> <!-- com.farmer.scripts.MyProfile.TC_001_Profile_Verify_ProfileScreen_Test -->
