<?xml version="1.0" encoding="UTF-8"?>
<!-- Generated by org.testng.reporters.JUnitReportReporter -->
<testsuite skipped="0" hostname="Supports-MacBook-Pro-4.local" name="com.farmer.script.SoilTest.TC_008_ST_OpenTab_Recent_Record_Test" tests="1" failures="0" timestamp="30 Nov 2022 04:27:46 GMT" time="5.024" errors="0">
  <testcase name="openTab_Sort_By_Recent_Request" time="5.024" classname="com.farmer.script.SoilTest.TC_008_ST_OpenTab_Recent_Record_Test"/>
</testsuite> <!-- com.farmer.script.SoilTest.TC_008_ST_OpenTab_Recent_Record_Test -->
