<?xml version="1.0" encoding="UTF-8"?>
<!-- Generated by org.testng.reporters.JUnitReportReporter -->
<testsuite skipped="0" hostname="Supports-MacBook-Pro-4.local" name="com.farmer.scripts.WarehouseRequest.TC_003_WH_Create_Sell_Later_Request_and_verify_ATR_Test" tests="1" failures="0" timestamp="30 Nov 2022 04:21:11 GMT" time="56.234" errors="0">
  <testcase name="wareHouse_WareHouseRequest" time="56.234" classname="com.farmer.scripts.WarehouseRequest.TC_003_WH_Create_Sell_Later_Request_and_verify_ATR_Test"/>
</testsuite> <!-- com.farmer.scripts.WarehouseRequest.TC_003_WH_Create_Sell_Later_Request_and_verify_ATR_Test -->
