<?xml version="1.0" encoding="UTF-8"?>
<!-- Generated by org.testng.reporters.JUnitReportReporter -->
<testsuite skipped="0" hostname="JREDDY.local" name="tests.TC12_NotificationTitleValidation" tests="1" failures="0" timestamp="15 May 2023 09:38:58 GMT" time="10.720" errors="0">
  <testcase name="validateNotificationsTitle" time="10.720" classname="tests.TC12_NotificationTitleValidation"/>
</testsuite> <!-- tests.TC12_NotificationTitleValidation -->
