<?xml version="1.0" encoding="UTF-8"?>
<!-- Generated by org.testng.reporters.JUnitReportReporter -->
<testsuite skipped="0" hostname="Supports-MacBook-Pro-4.local" name="com.farmer.scripts.Login.TC_2_ChangeLanguagetoMarathi_Login_Test" tests="1" failures="0" timestamp="30 Nov 2022 04:21:11 GMT" time="31.719" errors="0">
  <testcase name="changeLanguagetoMarathi" time="31.719" classname="com.farmer.scripts.Login.TC_2_ChangeLanguagetoMarathi_Login_Test"/>
</testsuite> <!-- com.farmer.scripts.Login.TC_2_ChangeLanguagetoMarathi_Login_Test -->
