<?xml version="1.0" encoding="UTF-8"?>
<!-- Generated by org.testng.reporters.JUnitReportReporter -->
<testsuite skipped="0" hostname="JREDDY.local" name="com.farmer.scripts.SaleRequest.TC_004_SR_Verify_Sale_Request_History_Tab_Test" tests="1" failures="0" timestamp="03 Aug 2023 04:21:10 GMT" time="11.368" errors="0">
  <testcase name="salesRequest_HistoryTab" time="11.368" classname="com.farmer.scripts.SaleRequest.TC_004_SR_Verify_Sale_Request_History_Tab_Test"/>
</testsuite> <!-- com.farmer.scripts.SaleRequest.TC_004_SR_Verify_Sale_Request_History_Tab_Test -->
