<?xml version="1.0" encoding="UTF-8"?>
<!-- Generated by org.testng.reporters.JUnitReportReporter -->
<testsuite skipped="0" hostname="JREDDY.local" name="com.farmer.scripts.AdvancePayment.TC_007_AP_Verify_Filter_Operation_Test" tests="1" failures="0" timestamp="03 Aug 2023 04:21:00 GMT" time="82.249" errors="0">
  <testcase name="advancePayments_Filter_Operation" time="82.249" classname="com.farmer.scripts.AdvancePayment.TC_007_AP_Verify_Filter_Operation_Test"/>
</testsuite> <!-- com.farmer.scripts.AdvancePayment.TC_007_AP_Verify_Filter_Operation_Test -->
