<?xml version="1.0" encoding="UTF-8"?>
<!-- Generated by org.testng.reporters.JUnitReportReporter -->
<testsuite skipped="0" hostname="Supports-MacBook-Pro-4.local" name="tests.TC_007_SSR_Sort_By_Recent_Request_Test" tests="1" failures="0" timestamp="2022-08-22T17:37:08 IST" time="2.176" errors="0">
  <testcase name="stockReleaseRequest_Request_Sort_By_Recent_Request" time="2.176" classname="tests.TC_007_SSR_Sort_By_Recent_Request_Test"/>
  <system-out/>
</testsuite> <!-- tests.TC_007_SSR_Sort_By_Recent_Request_Test -->
