<?xml version="1.0" encoding="UTF-8"?>
<!-- Generated by org.testng.reporters.JUnitReportReporter -->
<testsuite skipped="0" hostname="Supports-MacBook-Pro-4.local" name="tests.TC_001_SOA_Validate_StatementofAccounts_Test" tests="1" failures="0" timestamp="2022-08-22T12:21:59 IST" time="43.535" errors="0">
  <testcase name="validate_SOA" time="43.535" classname="tests.TC_001_SOA_Validate_StatementofAccounts_Test"/>
  <system-out/>
</testsuite> <!-- tests.TC_001_SOA_Validate_StatementofAccounts_Test -->
