<?xml version="1.0" encoding="UTF-8"?>
<!-- Generated by org.testng.reporters.JUnitReportReporter -->
<testsuite skipped="0" hostname="Supports-MacBook-Pro-4.local" name="tests.TC_006_SR_Verify_FilterOperation_Historytab_Test" tests="1" failures="0" timestamp="2022-07-27T12:20:33 IST" time="99.985" errors="0">
  <testcase name="salesRequest_FilterOperation_HistoryTab" time="99.985" classname="tests.TC_006_SR_Verify_FilterOperation_Historytab_Test"/>
  <system-out/>
</testsuite> <!-- tests.TC_006_SR_Verify_FilterOperation_Historytab_Test -->
