<?xml version="1.0" encoding="UTF-8"?>
<!-- Generated by org.testng.reporters.JUnitReportReporter -->
<testsuite skipped="0" hostname="Supports-MacBook-Pro-4.local" name="com.farmer.scripts.SOA.TC_002_SOA_Validate_Quantity_Screen_Test" tests="1" failures="0" timestamp="30 Nov 2022 04:21:11 GMT" time="27.408" errors="0">
  <testcase name="soa_ValidateQuantity" time="27.408" classname="com.farmer.scripts.SOA.TC_002_SOA_Validate_Quantity_Screen_Test"/>
</testsuite> <!-- com.farmer.scripts.SOA.TC_002_SOA_Validate_Quantity_Screen_Test -->
