<?xml version="1.0" encoding="UTF-8"?>
<!-- Generated by org.testng.reporters.JUnitReportReporter -->
<testsuite skipped="0" hostname="Supports-MacBook-Pro-4.local" name="tests.TC_003_Offers_Verify_If_Usr_can_AcceptOffer_Test" tests="1" failures="0" timestamp="2022-08-22T12:21:59 IST" time="37.660" errors="0">
  <testcase name="offers_AcceptOffer" time="37.660" classname="tests.TC_003_Offers_Verify_If_Usr_can_AcceptOffer_Test"/>
  <system-out/>
</testsuite> <!-- tests.TC_003_Offers_Verify_If_Usr_can_AcceptOffer_Test -->
