<?xml version="1.0" encoding="UTF-8"?>
<!-- Generated by org.testng.reporters.JUnitReportReporter -->
<testsuite skipped="0" hostname="Supports-MacBook-Pro-4.local" name="com.farmer.script.WarehouseAge.TC_005_WH_AgeOnetoTwoYear" tests="1" failures="0" timestamp="2022-09-22T11:56:33 IST" time="36.499" errors="0">
  <testcase name="warehouseAgeOnetoTwoYears" time="36.499" classname="com.farmer.script.WarehouseAge.TC_005_WH_AgeOnetoTwoYear"/>
  <system-out/>
</testsuite> <!-- com.farmer.script.WarehouseAge.TC_005_WH_AgeOnetoTwoYear -->
