<?xml version="1.0" encoding="UTF-8"?>
<!-- Generated by org.testng.reporters.JUnitReportReporter -->
<testsuite skipped="0" hostname="Supports-MacBook-Pro.local" name="tests.TC3_ValidateHamBurgerMenu" tests="1" failures="0" timestamp="2022-05-26T18:00:09 IST" time="2.552" errors="0">
  <testcase name="HamBurgerMenu" time="2.552" classname="tests.TC3_ValidateHamBurgerMenu"/>
  <system-out/>
</testsuite> <!-- tests.TC3_ValidateHamBurgerMenu -->
