<?xml version="1.0" encoding="UTF-8"?>
<!-- Generated by org.testng.reporters.JUnitReportReporter -->
<testsuite skipped="0" hostname="Supports-MacBook-Pro-4.local" name="tests.TC_004_SR_Verify_ViewDetails_OpenTab_Test" tests="1" failures="0" timestamp="2022-08-22T12:21:59 IST" time="78.351" errors="0">
  <testcase name="salesRequestViewDetails_OpenTab" time="78.351" classname="tests.TC_004_SR_Verify_ViewDetails_OpenTab_Test"/>
  <system-out/>
</testsuite> <!-- tests.TC_004_SR_Verify_ViewDetails_OpenTab_Test -->
