<?xml version="1.0" encoding="UTF-8"?>
<!-- Generated by org.testng.reporters.JUnitReportReporter -->
<testsuite skipped="0" hostname="Supports-MacBook-Pro-4.local" name="com.farmer.scripts.MyProfile.TC_002_Profile_Edit_Test" tests="1" failures="0" timestamp="30 Nov 2022 04:21:11 GMT" time="12.693" errors="0">
  <testcase name="profile_Edit" time="12.693" classname="com.farmer.scripts.MyProfile.TC_002_Profile_Edit_Test"/>
</testsuite> <!-- com.farmer.scripts.MyProfile.TC_002_Profile_Edit_Test -->
