<?xml version="1.0" encoding="UTF-8"?>
<!-- Generated by org.testng.reporters.JUnitReportReporter -->
<testsuite skipped="0" hostname="Supports-MacBook-Pro-4.local" name="tests.TC_002_SignIn_ValidLogin_Test" tests="1" failures="0" timestamp="2022-08-22T16:59:42 IST" time="15.391" errors="0">
  <testcase name="signIn_validCredentials" time="15.391" classname="tests.TC_002_SignIn_ValidLogin_Test"/>
  <system-out/>
</testsuite> <!-- tests.TC_002_SignIn_ValidLogin_Test -->
