<?xml version="1.0" encoding="UTF-8"?>
<!-- Generated by org.testng.reporters.JUnitReportReporter -->
<testsuite skipped="0" hostname="Supports-MacBook-Pro-4.local" name="com.farmer.scripts.SaleRequest.TC_001_SR_Verify_Screen_If_No_Records_Are_Avaliable_Test" tests="1" failures="0" timestamp="30 Nov 2022 04:21:11 GMT" time="7.657" errors="0">
  <testcase name="salesRequest_NoRecord" time="7.657" classname="com.farmer.scripts.SaleRequest.TC_001_SR_Verify_Screen_If_No_Records_Are_Avaliable_Test"/>
</testsuite> <!-- com.farmer.scripts.SaleRequest.TC_001_SR_Verify_Screen_If_No_Records_Are_Avaliable_Test -->
