<?xml version="1.0" encoding="UTF-8"?>
<!-- Generated by org.testng.reporters.JUnitReportReporter -->
<testsuite skipped="0" hostname="Supports-MacBook-Pro-4.local" name="tests.TC_007_SR_Verify_FilterOperation_Opentab_Test" tests="1" failures="0" timestamp="2022-08-22T12:21:59 IST" time="122.154" errors="0">
  <testcase name="salesRequest_FilterOperation_OpenTab" time="122.154" classname="tests.TC_007_SR_Verify_FilterOperation_Opentab_Test"/>
  <system-out/>
</testsuite> <!-- tests.TC_007_SR_Verify_FilterOperation_Opentab_Test -->
