<?xml version="1.0" encoding="UTF-8"?>
<!-- Generated by org.testng.reporters.JUnitReportReporter -->
<testsuite skipped="0" hostname="Supports-MacBook-Pro-4.local" name="com.farmer.scripts.StockReleaseRequest.TC_006_SSR_Sort_By_Oldest_Request_Test" tests="1" failures="0" timestamp="30 Nov 2022 04:21:11 GMT" time="5.816" errors="0">
  <testcase name="stockReleaseRequest_Request_Sort_By_Old_Request" time="5.816" classname="com.farmer.scripts.StockReleaseRequest.TC_006_SSR_Sort_By_Oldest_Request_Test"/>
</testsuite> <!-- com.farmer.scripts.StockReleaseRequest.TC_006_SSR_Sort_By_Oldest_Request_Test -->
