<?xml version="1.0" encoding="UTF-8"?>
<!-- Generated by org.testng.reporters.JUnitReportReporter -->
<testsuite skipped="0" hostname="Supports-MacBook-Pro-4.local" name="com.farmer.script.Otp.TC_001_OTP_ForgotPassword_Test" tests="1" failures="0" timestamp="2022-10-19T10:59:18 IST" time="13.629" errors="0">
  <testcase name="forgotPassword" time="13.629" classname="com.farmer.script.Otp.TC_001_OTP_ForgotPassword_Test"/>
  <system-out/>
</testsuite> <!-- com.farmer.script.Otp.TC_001_OTP_ForgotPassword_Test -->
