<?xml version="1.0" encoding="UTF-8"?>
<!-- Generated by org.testng.reporters.JUnitReportReporter -->
<testsuite skipped="0" hostname="Supports-MacBook-Pro-4.local" name="tests.TC_004_SR_Verify_Sale_Request_History_Tab_Test" tests="1" failures="0" timestamp="2022-07-27T11:16:48 IST" time="17.594" errors="0">
  <testcase name="salesRequest_HistoryTab" time="17.594" classname="tests.TC_004_SR_Verify_Sale_Request_History_Tab_Test"/>
  <system-out/>
</testsuite> <!-- tests.TC_004_SR_Verify_Sale_Request_History_Tab_Test -->
