<?xml version="1.0" encoding="UTF-8"?>
<!-- Generated by org.testng.reporters.JUnitReportReporter -->
<testsuite skipped="0" hostname="Supports-MacBook-Pro-4.local" name="com.farmer.script.SoilTest.TC_003_ST_ViewDetails_OpenTab_Test" tests="1" failures="0" timestamp="2022-09-29T17:00:02 IST" time="17.249" errors="0">
  <testcase name="viewDetails_OpenTab" time="17.249" classname="com.farmer.script.SoilTest.TC_003_ST_ViewDetails_OpenTab_Test"/>
  <system-out/>
</testsuite> <!-- com.farmer.script.SoilTest.TC_003_ST_ViewDetails_OpenTab_Test -->
