<?xml version="1.0" encoding="UTF-8"?>
<!-- Generated by org.testng.reporters.JUnitReportReporter -->
<testsuite skipped="0" hostname="JREDDY.local" name="com.farmer.sripts.MarketPlace.TC05_ValidateMyOrdersBtn" tests="1" failures="0" timestamp="16 Jun 2023 06:23:39 GMT" time="22.253" errors="0">
  <testcase name="testmarketPlaceMyOrdersBtn" time="22.253" classname="com.farmer.sripts.MarketPlace.TC05_ValidateMyOrdersBtn"/>
</testsuite> <!-- com.farmer.sripts.MarketPlace.TC05_ValidateMyOrdersBtn -->
