<?xml version="1.0" encoding="UTF-8"?>
<!-- Generated by org.testng.reporters.JUnitReportReporter -->
<testsuite skipped="0" hostname="Supports-MacBook-Pro-4.local" name="com.farmer.scripts.StockReleaseRequest.TC_005_SRR_ATR_Edit_Details_Test" tests="1" failures="0" timestamp="30 Nov 2022 04:21:11 GMT" time="27.685" errors="0">
  <testcase name="stockReleaseRequest_EditDetails" time="27.685" classname="com.farmer.scripts.StockReleaseRequest.TC_005_SRR_ATR_Edit_Details_Test"/>
</testsuite> <!-- com.farmer.scripts.StockReleaseRequest.TC_005_SRR_ATR_Edit_Details_Test -->
