<?xml version="1.0" encoding="UTF-8"?>
<!-- Generated by org.testng.reporters.JUnitReportReporter -->
<testsuite skipped="0" hostname="JREDDY.local" name="com.farmer.scripts.StockReleaseRequest.TC_009_SSR_Cancel_Request_Test" tests="1" failures="0" timestamp="05 Jul 2023 04:13:03 GMT" time="22.857" errors="0">
  <testcase name="stockReleaseRequest_CancelRequest" time="22.857" classname="com.farmer.scripts.StockReleaseRequest.TC_009_SSR_Cancel_Request_Test"/>
</testsuite> <!-- com.farmer.scripts.StockReleaseRequest.TC_009_SSR_Cancel_Request_Test -->
