<?xml version="1.0" encoding="UTF-8"?>
<!-- Generated by org.testng.reporters.JUnitReportReporter -->
<testsuite skipped="0" hostname="JREDDY.local" name="com.farmer.sripts.MarketPlace.TC03_ValidatePPLMessage" tests="1" failures="0" timestamp="16 Jun 2023 05:38:44 GMT" time="11.458" errors="0">
  <testcase name="testmarketPlaceTitle" time="11.458" classname="com.farmer.sripts.MarketPlace.TC03_ValidatePPLMessage"/>
</testsuite> <!-- com.farmer.sripts.MarketPlace.TC03_ValidatePPLMessage -->
