<?xml version="1.0" encoding="UTF-8"?>
<!-- Generated by org.testng.reporters.JUnitReportReporter -->
<testsuite skipped="0" hostname="JREDDY.local" name="tests.TC2_ValidateQuickActionsTest" tests="1" failures="0" timestamp="03 Aug 2023 04:21:35 GMT" time="64.505" errors="0">
  <testcase name="quickActionMenu" time="64.505" classname="tests.TC2_ValidateQuickActionsTest"/>
</testsuite> <!-- tests.TC2_ValidateQuickActionsTest -->
