<?xml version="1.0" encoding="UTF-8"?>
<!-- Generated by org.testng.reporters.JUnitReportReporter -->
<testsuite skipped="0" hostname="Supports-MacBook-Pro-4.local" name="tests.TC_001_AP_Verify_Advance_Payment_Request_Screen_If_No_Records_Are_Avaliable_Test" tests="1" failures="0" timestamp="2022-06-28T16:31:18 IST" time="15.060" errors="0">
  <testcase name="advancePaymentRequest_NoRecord" time="15.060" classname="tests.TC_001_AP_Verify_Advance_Payment_Request_Screen_If_No_Records_Are_Avaliable_Test"/>
  <system-out/>
</testsuite> <!-- tests.TC_001_AP_Verify_Advance_Payment_Request_Screen_If_No_Records_Are_Avaliable_Test -->
