<?xml version="1.0" encoding="UTF-8"?>
<!-- Generated by org.testng.reporters.JUnitReportReporter -->
<testsuite skipped="0" hostname="Supports-MacBook-Pro-4.local" name="tests.TC8_VerifyDashDoard_StockDetails_Test" tests="1" failures="0" timestamp="30 Nov 2022 04:21:11 GMT" time="4.389" errors="0">
  <testcase name="verifyDashBoardStockDetails" time="4.389" classname="tests.TC8_VerifyDashDoard_StockDetails_Test"/>
</testsuite> <!-- tests.TC8_VerifyDashDoard_StockDetails_Test -->
