<?xml version="1.0" encoding="UTF-8"?>
<!-- Generated by org.testng.reporters.JUnitReportReporter -->
<testsuite skipped="0" hostname="Supports-MacBook-Pro-4.local" name="com.farmer.scripts.StockReleaseRequest.TC_001_SRR_Verify_Screen_When_SR_Screen_Is_Empty_Test" tests="1" failures="0" timestamp="30 Nov 2022 04:21:11 GMT" time="11.891" errors="0">
  <testcase name="stockRelease_NoRecord" time="11.891" classname="com.farmer.scripts.StockReleaseRequest.TC_001_SRR_Verify_Screen_When_SR_Screen_Is_Empty_Test"/>
</testsuite> <!-- com.farmer.scripts.StockReleaseRequest.TC_001_SRR_Verify_Screen_When_SR_Screen_Is_Empty_Test -->
