<?xml version="1.0" encoding="UTF-8"?>
<!-- Generated by org.testng.reporters.JUnitReportReporter -->
<testsuite skipped="0" hostname="Supports-MacBook-Pro-4.local" name="com.farmer.scripts.Offers.TC_001_Offers_Verify_No_Offers_Test" tests="1" failures="0" timestamp="30 Nov 2022 04:21:11 GMT" time="12.074" errors="0">
  <testcase name="offers_No_Offers" time="12.074" classname="com.farmer.scripts.Offers.TC_001_Offers_Verify_No_Offers_Test"/>
</testsuite> <!-- com.farmer.scripts.Offers.TC_001_Offers_Verify_No_Offers_Test -->
