<?xml version="1.0" encoding="UTF-8"?>
<!-- Generated by org.testng.reporters.JUnitReportReporter -->
<testsuite skipped="0" hostname="Supports-MacBook-Pro-4.local" name="tests.TC_004_SRR_ATR_View_Details_Test" tests="1" failures="0" timestamp="2022-08-22T17:37:08 IST" time="6.075" errors="0">
  <testcase name="stockReleaseRequest_ViewDetails" time="6.075" classname="tests.TC_004_SRR_ATR_View_Details_Test"/>
  <system-out/>
</testsuite> <!-- tests.TC_004_SRR_ATR_View_Details_Test -->
