<?xml version="1.0" encoding="UTF-8"?>
<!-- Generated by org.testng.reporters.JUnitReportReporter -->
<testsuite skipped="0" hostname="Supports-MacBook-Pro-4.local" name="com.farmer.scripts.Offers.TC_003_Offers_Verify_If_Usr_can_AcceptOffer_Test" tests="1" failures="0" timestamp="30 Nov 2022 04:21:11 GMT" time="33.690" errors="0">
  <testcase name="offers_AcceptOffer" time="33.690" classname="com.farmer.scripts.Offers.TC_003_Offers_Verify_If_Usr_can_AcceptOffer_Test"/>
</testsuite> <!-- com.farmer.scripts.Offers.TC_003_Offers_Verify_If_Usr_can_AcceptOffer_Test -->
