<?xml version="1.0" encoding="UTF-8"?>
<!-- Generated by org.testng.reporters.JUnitReportReporter -->
<testsuite skipped="0" hostname="Supports-MacBook-Pro-4.local" name="tests.TC_001_LAN_Perform_Change_Language_Test" tests="1" failures="0" timestamp="2022-08-22T16:59:42 IST" time="15.193" errors="0">
  <testcase name="changeLanguage" time="15.193" classname="tests.TC_001_LAN_Perform_Change_Language_Test"/>
  <system-out/>
</testsuite> <!-- tests.TC_001_LAN_Perform_Change_Language_Test -->
