<?xml version="1.0" encoding="UTF-8"?>
<!-- Generated by org.testng.reporters.JUnitReportReporter -->
<testsuite skipped="0" hostname="JREDDY.local" name="com.farmer.scripts.MarketPlace.TC18_MyOrdersFilter" tests="1" failures="0" timestamp="26 Jun 2023 04:46:53 GMT" time="93.611" errors="0">
  <testcase name="testFilter" time="93.611" classname="com.farmer.scripts.MarketPlace.TC18_MyOrdersFilter"/>
</testsuite> <!-- com.farmer.scripts.MarketPlace.TC18_MyOrdersFilter -->
