<?xml version="1.0" encoding="UTF-8"?>
<!-- Generated by org.testng.reporters.JUnitReportReporter -->
<testsuite skipped="0" hostname="Supports-MacBook-Pro-4.local" name="tests.TC_005_WH_Verify_Sorting_Operation_By_Recent_Request_Test" tests="1" failures="0" timestamp="2022-08-22T17:16:18 IST" time="4.314" errors="0">
  <testcase name="wareHouse_Request_Sort_By_Recent_Request" time="4.314" classname="tests.TC_005_WH_Verify_Sorting_Operation_By_Recent_Request_Test"/>
  <system-out/>
</testsuite> <!-- tests.TC_005_WH_Verify_Sorting_Operation_By_Recent_Request_Test -->
