<?xml version="1.0" encoding="UTF-8"?>
<!-- Generated by org.testng.reporters.JUnitReportReporter -->
<testsuite skipped="0" hostname="JREDDY.local" name="com.farmer.scripts.MarketPlace.TC15_CategoriesInProductPage" tests="1" failures="0" timestamp="07 Jul 2023 04:51:22 GMT" time="80.954" errors="0">
  <testcase name="testCategoriesInProductPage" time="80.954" classname="com.farmer.scripts.MarketPlace.TC15_CategoriesInProductPage"/>
</testsuite> <!-- com.farmer.scripts.MarketPlace.TC15_CategoriesInProductPage -->
