<?xml version="1.0" encoding="UTF-8"?>
<!-- Generated by org.testng.reporters.JUnitReportReporter -->
<testsuite skipped="0" hostname="Supports-MacBook-Pro-2.local" name="tests.TC_003_WH_Verify_user_is_able_to_create_warehouse_Request_Test" tests="1" failures="0" timestamp="2022-06-13T11:30:18 IST" time="17.221" errors="0">
  <testcase name="WareHouse_WareHouseRequest" time="17.221" classname="tests.TC_003_WH_Verify_user_is_able_to_create_warehouse_Request_Test"/>
  <system-out/>
</testsuite> <!-- tests.TC_003_WH_Verify_user_is_able_to_create_warehouse_Request_Test -->
