<?xml version="1.0" encoding="UTF-8"?>
<!-- Generated by org.testng.reporters.JUnitReportReporter -->
<testsuite skipped="0" hostname="Supports-MacBook-Pro-4.local" name="tests.TC_003_AP_Verify_The_Amount_Farmer_Is_Eligible_To_Request_Test" tests="1" failures="0" timestamp="2022-08-22T12:21:59 IST" time="46.657" errors="0">
  <testcase name="advancePaymentRequest_RequestAmount" time="46.657" classname="tests.TC_003_AP_Verify_The_Amount_Farmer_Is_Eligible_To_Request_Test"/>
  <system-out/>
</testsuite> <!-- tests.TC_003_AP_Verify_The_Amount_Farmer_Is_Eligible_To_Request_Test -->
