<?xml version="1.0" encoding="UTF-8"?>
<!-- Generated by org.testng.reporters.JUnitReportReporter -->
<testsuite skipped="0" hostname="Supports-MacBook-Pro-4.local" name="tests.TC_005_WH_Verify_Sorting_Operation_By_Oldest_Request_Test" tests="1" failures="0" timestamp="2022-06-15T17:09:00 IST" time="6.859" errors="0">
  <testcase name="WareHouse_Request_Sort_By_Old_Request" time="6.859" classname="tests.TC_005_WH_Verify_Sorting_Operation_By_Oldest_Request_Test"/>
  <system-out/>
</testsuite> <!-- tests.TC_005_WH_Verify_Sorting_Operation_By_Oldest_Request_Test -->
