<?xml version="1.0" encoding="UTF-8"?>
<!-- Generated by org.testng.reporters.JUnitReportReporter -->
<testsuite skipped="0" hostname="Supports-MacBook-Pro-4.local" name="com.farmer.scripts.WarehouseRequest.TC_005_EditATR" tests="1" failures="0" timestamp="2022-08-25T15:38:42 IST" time="19.306" errors="0">
  <testcase name="WH_EditATR" time="19.306" classname="com.farmer.scripts.WarehouseRequest.TC_005_EditATR"/>
  <system-out/>
</testsuite> <!-- com.farmer.scripts.WarehouseRequest.TC_005_EditATR -->
