<?xml version="1.0" encoding="UTF-8"?>
<!-- Generated by org.testng.reporters.JUnitReportReporter -->
<testsuite skipped="0" hostname="Supports-MacBook-Pro-4.local" name="tests.TC_006_WH_Verify_Filter_Operation_Test" tests="1" failures="0" timestamp="2022-08-22T17:16:18 IST" time="39.979" errors="0">
  <testcase name="wareHouse_Request_Filter_Operation" time="39.979" classname="tests.TC_006_WH_Verify_Filter_Operation_Test"/>
  <system-out/>
</testsuite> <!-- tests.TC_006_WH_Verify_Filter_Operation_Test -->
