<?xml version="1.0" encoding="UTF-8"?>
<!-- Generated by org.testng.reporters.JUnitReportReporter -->
<testsuite skipped="0" hostname="Supports-MacBook-Pro-4.local" name="tests.TC_007_WH_Verify_Filter_Operation" tests="1" failures="0" timestamp="2022-07-14T11:47:12 IST" time="72.677" errors="0">
  <testcase name="wareHouse_Request_Filter_Operation" time="72.677" classname="tests.TC_007_WH_Verify_Filter_Operation"/>
  <system-out/>
</testsuite> <!-- tests.TC_007_WH_Verify_Filter_Operation -->
