<?xml version="1.0" encoding="UTF-8"?>
<!-- Generated by org.testng.reporters.JUnitReportReporter -->
<testsuite skipped="0" hostname="Supports-MacBook-Pro-4.local" name="tests.TC_003_SR_Verify_Sale_Request_OpenTab_Test" tests="1" failures="0" timestamp="2022-08-22T12:21:59 IST" time="67.634" errors="0">
  <testcase name="salesRequest_OpenTab" time="67.634" classname="tests.TC_003_SR_Verify_Sale_Request_OpenTab_Test"/>
  <system-out/>
</testsuite> <!-- tests.TC_003_SR_Verify_Sale_Request_OpenTab_Test -->
