<?xml version="1.0" encoding="UTF-8"?>
<!-- Generated by org.testng.reporters.JUnitReportReporter -->
<testsuite skipped="0" hostname="JREDDY.local" name="com.farmer.scripts.MarketPlace.TC14_FilterOperation" tests="1" failures="0" timestamp="07 Jul 2023 04:51:12 GMT" time="80.450" errors="0">
  <testcase name="testFilter" time="80.450" classname="com.farmer.scripts.MarketPlace.TC14_FilterOperation"/>
</testsuite> <!-- com.farmer.scripts.MarketPlace.TC14_FilterOperation -->
