<?xml version="1.0" encoding="UTF-8"?>
<!-- Generated by org.testng.reporters.JUnitReportReporter -->
<testsuite skipped="0" hostname="Supports-MacBook-Pro-4.local" name="tests.TC_005_SR_Verify_SortingOrder_Historytab_Test" tests="1" failures="0" timestamp="2022-07-27T11:16:48 IST" time="32.278" errors="0">
  <testcase name="salesRequest_SortHistoryTab" time="32.278" classname="tests.TC_005_SR_Verify_SortingOrder_Historytab_Test"/>
  <system-out/>
</testsuite> <!-- tests.TC_005_SR_Verify_SortingOrder_Historytab_Test -->
