<?xml version="1.0" encoding="UTF-8"?>
<!-- Generated by org.testng.reporters.JUnitReportReporter -->
<testsuite skipped="0" hostname="Supports-MacBook-Pro-4.local" name="com.farmer.script.SoilTest.TC_009_ST_OpenTab_FilterOperation_Test" tests="1" failures="0" timestamp="30 Nov 2022 04:27:46 GMT" time="26.334" errors="0">
  <testcase name="openTab_Filter" time="26.334" classname="com.farmer.script.SoilTest.TC_009_ST_OpenTab_FilterOperation_Test"/>
</testsuite> <!-- com.farmer.script.SoilTest.TC_009_ST_OpenTab_FilterOperation_Test -->
