<?xml version="1.0" encoding="UTF-8"?>
<!-- Generated by org.testng.reporters.JUnitReportReporter -->
<testsuite skipped="0" hostname="Supports-MacBook-Pro-4.local" name="tests.TC1_ValidateLoginTest" tests="1" failures="0" timestamp="2022-08-16T10:10:57 IST" time="8.169" errors="0">
  <testcase name="landingPage" time="8.169" classname="tests.TC1_ValidateLoginTest"/>
  <system-out/>
</testsuite> <!-- tests.TC1_ValidateLoginTest -->
