<?xml version="1.0" encoding="UTF-8"?>
<!-- Generated by org.testng.reporters.JUnitReportReporter -->
<testsuite skipped="0" hostname="Supports-MacBook-Pro-4.local" name="tests.TC_001_Offers_Verify_No_Offers_Test" tests="1" failures="0" timestamp="2022-08-22T12:21:59 IST" time="15.648" errors="0">
  <testcase name="offers_No_Offers" time="15.648" classname="tests.TC_001_Offers_Verify_No_Offers_Test"/>
  <system-out/>
</testsuite> <!-- tests.TC_001_Offers_Verify_No_Offers_Test -->
