<?xml version="1.0" encoding="UTF-8"?>
<!-- Generated by org.testng.reporters.JUnitReportReporter -->
<testsuite skipped="0" hostname="JREDDY.local" name="com.farmer.scripts.MarketPlace.TC09_VerifyProductListing" tests="1" failures="0" timestamp="07 Jul 2023 04:50:37 GMT" time="71.473" errors="0">
  <testcase name="testProductListUnderCategories" time="71.473" classname="com.farmer.scripts.MarketPlace.TC09_VerifyProductListing"/>
</testsuite> <!-- com.farmer.scripts.MarketPlace.TC09_VerifyProductListing -->
