<?xml version="1.0" encoding="UTF-8"?>
<!-- Generated by org.testng.reporters.JUnitReportReporter -->
<testsuite skipped="0" hostname="JREDDY.local" name="tests.TC12_ValidateNotificationsTitle" tests="1" failures="0" timestamp="05 Jul 2023 04:14:38 GMT" time="42.420" errors="0">
  <testcase name="validateNotificationsTitle" time="42.420" classname="tests.TC12_ValidateNotificationsTitle"/>
</testsuite> <!-- tests.TC12_ValidateNotificationsTitle -->
