<?xml version="1.0" encoding="UTF-8"?>
<!-- Generated by org.testng.reporters.JUnitReportReporter -->
<testsuite skipped="0" hostname="JREDDY.local" name="com.farmer.scripts.MarketPlace.TC04_ValidateHomeBtn" tests="1" failures="0" timestamp="03 Aug 2023 04:21:15 GMT" time="11.908" errors="0">
  <testcase name="testmarketPlaceHomeBtn" time="11.908" classname="com.farmer.scripts.MarketPlace.TC04_ValidateHomeBtn"/>
</testsuite> <!-- com.farmer.scripts.MarketPlace.TC04_ValidateHomeBtn -->
