<?xml version="1.0" encoding="UTF-8"?>
<!-- Generated by org.testng.reporters.JUnitReportReporter -->
<testsuite skipped="0" hostname="Supports-MacBook-Pro-4.local" name="com.farmer.scripts.AdvancePayment.TC_005_AP_Verify_Sorting_Operation_Sort_By_Oldest_Request_Test" tests="1" failures="0" timestamp="30 Nov 2022 04:21:11 GMT" time="7.751" errors="0">
  <testcase name="advancePayments_Request_Sort_By_Old_Request" time="7.751" classname="com.farmer.scripts.AdvancePayment.TC_005_AP_Verify_Sorting_Operation_Sort_By_Oldest_Request_Test"/>
</testsuite> <!-- com.farmer.scripts.AdvancePayment.TC_005_AP_Verify_Sorting_Operation_Sort_By_Oldest_Request_Test -->
