<?xml version="1.0" encoding="UTF-8"?>
<!-- Generated by org.testng.reporters.JUnitReportReporter -->
<testsuite skipped="0" hostname="JREDDY.local" name="com.farmer.scripts.MarketPlace.TC20_MarketPlaceHamburgerMenu" tests="1" failures="0" timestamp="26 Jun 2023 04:48:08 GMT" time="21.946" errors="0">
  <testcase name="testMarketPlaceHambrgrMenu" time="21.946" classname="com.farmer.scripts.MarketPlace.TC20_MarketPlaceHamburgerMenu"/>
</testsuite> <!-- com.farmer.scripts.MarketPlace.TC20_MarketPlaceHamburgerMenu -->
