<?xml version="1.0" encoding="UTF-8"?>
<!-- Generated by org.testng.reporters.JUnitReportReporter -->
<testsuite skipped="0" hostname="Supports-MacBook-Pro.local" name="tests.TC10_ValidateNewAdvancePaymentsRequestTest" tests="1" failures="0" timestamp="2022-06-06T13:13:57 IST" time="25.103" errors="0">
  <testcase name="AdvancePaymentsRequest" time="25.103" classname="tests.TC10_ValidateNewAdvancePaymentsRequestTest"/>
  <system-out/>
</testsuite> <!-- tests.TC10_ValidateNewAdvancePaymentsRequestTest -->
