<?xml version="1.0" encoding="UTF-8"?>
<!-- Generated by org.testng.reporters.JUnitReportReporter -->
<testsuite skipped="0" hostname="JREDDY.local" name="com.farmer.scripts.MarketPlace.TC17_SortInMyOrders" tests="1" failures="0" timestamp="26 Jun 2023 04:47:33 GMT" time="109.282" errors="0">
  <testcase name="testSortInMyOrders" time="109.282" classname="com.farmer.scripts.MarketPlace.TC17_SortInMyOrders"/>
</testsuite> <!-- com.farmer.scripts.MarketPlace.TC17_SortInMyOrders -->
