<?xml version="1.0" encoding="UTF-8"?>
<!-- Generated by org.testng.reporters.JUnitReportReporter -->
<testsuite skipped="0" hostname="JREDDY.local" name="com.farmer.scripts.WarehouseRequest.TC_004_ViewDetails_Test" tests="1" failures="0" timestamp="03 Aug 2023 04:21:20 GMT" time="12.807" errors="0">
  <testcase name="WH_ViewDetails" time="12.807" classname="com.farmer.scripts.WarehouseRequest.TC_004_ViewDetails_Test"/>
</testsuite> <!-- com.farmer.scripts.WarehouseRequest.TC_004_ViewDetails_Test -->
