<?xml version="1.0" encoding="UTF-8"?>
<!-- Generated by org.testng.reporters.JUnitReportReporter -->
<testsuite skipped="0" hostname="Supports-MacBook-Pro-4.local" name="tests.TC_002_WH_Create_Sell_Now_Request_and_verify_ATR_Test" tests="1" failures="0" timestamp="2022-08-22T17:16:18 IST" time="71.170" errors="0">
  <testcase name="wareHouse_SellNow" time="71.170" classname="tests.TC_002_WH_Create_Sell_Now_Request_and_verify_ATR_Test"/>
  <system-out/>
</testsuite> <!-- tests.TC_002_WH_Create_Sell_Now_Request_and_verify_ATR_Test -->
