<?xml version="1.0" encoding="UTF-8"?>
<!-- Generated by org.testng.reporters.JUnitReportReporter -->
<testsuite skipped="0" hostname="Supports-MacBook-Pro-4.local" name="tests.TC11_ValidateEditProfileTest" tests="1" failures="0" timestamp="2022-07-21T11:40:49 IST" time="14.217" errors="0">
  <testcase name="validateEditProfile" time="14.217" classname="tests.TC11_ValidateEditProfileTest"/>
  <system-out/>
</testsuite> <!-- tests.TC11_ValidateEditProfileTest -->
