<?xml version="1.0" encoding="UTF-8"?>
<!-- Generated by org.testng.reporters.JUnitReportReporter -->
<testsuite skipped="0" hostname="Supports-MacBook-Pro-4.local" name="tests.TC_006_AP_Verify_Sorting_Operation_Sort_By_Recent_Request_Test" tests="1" failures="0" timestamp="2022-08-22T12:21:59 IST" time="4.312" errors="0">
  <testcase name="advancePayments_Request_Sort_By_Recent_Request" time="4.312" classname="tests.TC_006_AP_Verify_Sorting_Operation_Sort_By_Recent_Request_Test"/>
  <system-out/>
</testsuite> <!-- tests.TC_006_AP_Verify_Sorting_Operation_Sort_By_Recent_Request_Test -->
