<?xml version="1.0" encoding="UTF-8"?>
<!-- Generated by org.testng.reporters.JUnitReportReporter -->
<testsuite skipped="0" hostname="Supports-MacBook-Pro-4.local" name="com.farmer.scripts.Login.TC_1_ChangeLanguagetoHindi_Login_Test" tests="1" failures="0" timestamp="30 Nov 2022 04:21:11 GMT" time="41.341" errors="0">
  <testcase name="changeLanguagetoHindi" time="41.341" classname="com.farmer.scripts.Login.TC_1_ChangeLanguagetoHindi_Login_Test"/>
</testsuite> <!-- com.farmer.scripts.Login.TC_1_ChangeLanguagetoHindi_Login_Test -->
