<?xml version="1.0" encoding="UTF-8"?>
<!-- Generated by org.testng.reporters.JUnitReportReporter -->
<testsuite skipped="0" hostname="Supports-MacBook-Pro-4.local" name="com.farmer.scripts.SaleRequest.TC_006_SR_Verify_SortingOrder_OpenTab_Test" tests="1" failures="0" timestamp="30 Nov 2022 04:21:11 GMT" time="13.661" errors="0">
  <testcase name="salesRequest_SortOpenTab" time="13.661" classname="com.farmer.scripts.SaleRequest.TC_006_SR_Verify_SortingOrder_OpenTab_Test"/>
</testsuite> <!-- com.farmer.scripts.SaleRequest.TC_006_SR_Verify_SortingOrder_OpenTab_Test -->
