<?xml version="1.0" encoding="UTF-8"?>
<!-- Generated by org.testng.reporters.JUnitReportReporter -->
<testsuite skipped="0" hostname="JREDDY.local" name="com.farmer.scripts.AdvancePayment.TC_006_AP_Verify_Sorting_Operation_Sort_By_Recent_Request_Test" tests="1" failures="0" timestamp="03 Aug 2023 04:21:50 GMT" time="8.280" errors="0">
  <testcase name="advancePayments_Request_Sort_By_Recent_Request" time="8.280" classname="com.farmer.scripts.AdvancePayment.TC_006_AP_Verify_Sorting_Operation_Sort_By_Recent_Request_Test"/>
</testsuite> <!-- com.farmer.scripts.AdvancePayment.TC_006_AP_Verify_Sorting_Operation_Sort_By_Recent_Request_Test -->
