<?xml version="1.0" encoding="UTF-8"?>
<!-- Generated by org.testng.reporters.JUnitReportReporter -->
<testsuite skipped="0" hostname="Supports-MacBook-Pro-4.local" name="com.farmer.script.WarehouseAge.TC_003_WH_Age_TwoToThree_Years_Test" tests="1" failures="0" timestamp="30 Nov 2022 04:21:11 GMT" time="59.482" errors="0">
  <testcase name="warehouseAgetTwotoThreeYears" time="59.482" classname="com.farmer.script.WarehouseAge.TC_003_WH_Age_TwoToThree_Years_Test"/>
</testsuite> <!-- com.farmer.script.WarehouseAge.TC_003_WH_Age_TwoToThree_Years_Test -->
