<?xml version="1.0" encoding="UTF-8"?>
<!-- Generated by org.testng.reporters.JUnitReportReporter -->
<testsuite skipped="0" hostname="Supports-MacBook-Pro-4.local" name="tests.TC_002_Profile_Edit_Test" tests="1" failures="0" timestamp="2022-08-22T12:21:59 IST" time="113.907" errors="0">
  <testcase name="profile_Edit" time="113.907" classname="tests.TC_002_Profile_Edit_Test"/>
  <system-out/>
</testsuite> <!-- tests.TC_002_Profile_Edit_Test -->
