<?xml version="1.0" encoding="UTF-8"?>
<!-- Generated by org.testng.reporters.JUnitReportReporter -->
<testsuite skipped="0" hostname="Supports-MacBook-Pro-4.local" name="tests.TC_005_SR_Verify_Cancel_Option_Opentab_Test" tests="1" failures="0" timestamp="2022-08-22T12:21:59 IST" time="87.941" errors="0">
  <testcase name="salesRequestCancel_OpenTab" time="87.941" classname="tests.TC_005_SR_Verify_Cancel_Option_Opentab_Test"/>
  <system-out/>
</testsuite> <!-- tests.TC_005_SR_Verify_Cancel_Option_Opentab_Test -->
