<?xml version="1.0" encoding="UTF-8"?>
<!-- Generated by org.testng.reporters.JUnitReportReporter -->
<testsuite skipped="0" hostname="JREDDY.local" name="com.farmer.scripts.SaleRequest.TC_005_SR_Verify_Cancel_Option_Opentab_Test" tests="1" failures="0" timestamp="03 Aug 2023 04:21:30 GMT" time="13.858" errors="0">
  <testcase name="salesRequestCancel_OpenTab" time="13.858" classname="com.farmer.scripts.SaleRequest.TC_005_SR_Verify_Cancel_Option_Opentab_Test"/>
</testsuite> <!-- com.farmer.scripts.SaleRequest.TC_005_SR_Verify_Cancel_Option_Opentab_Test -->
