<?xml version="1.0" encoding="UTF-8"?>
<!-- Generated by org.testng.reporters.JUnitReportReporter -->
<testsuite skipped="0" hostname="Supports-MacBook-Pro-4.local" name="tests.TC_001_WH_Verify_user_is_able_to_create_Direct_sale_in_warehouse_Request_Test" tests="1" failures="0" timestamp="2022-07-14T13:52:18 IST" time="64.795" errors="0">
  <testcase name="wareHouse_SellNow" time="64.795" classname="tests.TC_001_WH_Verify_user_is_able_to_create_Direct_sale_in_warehouse_Request_Test"/>
  <system-out/>
</testsuite> <!-- tests.TC_001_WH_Verify_user_is_able_to_create_Direct_sale_in_warehouse_Request_Test -->
