<?xml version="1.0" encoding="UTF-8"?>
<!-- Generated by org.testng.reporters.JUnitReportReporter -->
<testsuite skipped="0" hostname="Supports-MacBook-Pro-4.local" name="com.farmer.script.WarehouseAge.TC_006_WH_AgeTwotoThree" tests="1" failures="0" timestamp="2022-09-22T14:43:44 IST" time="84.738" errors="0">
  <testcase name="warehouseAgeOnetoTwoYears" time="84.738" classname="com.farmer.script.WarehouseAge.TC_006_WH_AgeTwotoThree"/>
  <system-out/>
</testsuite> <!-- com.farmer.script.WarehouseAge.TC_006_WH_AgeTwotoThree -->
