<?xml version="1.0" encoding="UTF-8"?>
<!-- Generated by org.testng.reporters.JUnitReportReporter -->
<testsuite skipped="0" hostname="Supports-MacBook-Pro-4.local" name="tests.TC_007_Verify_FilterOperation_Opentab_Test" tests="1" failures="0" timestamp="2022-07-27T16:00:41 IST" time="17.968" errors="0">
  <testcase name="salesRequest_FilterOperation_OpenTab" time="17.968" classname="tests.TC_007_Verify_FilterOperation_Opentab_Test"/>
  <system-out/>
</testsuite> <!-- tests.TC_007_Verify_FilterOperation_Opentab_Test -->
