<?xml version="1.0" encoding="UTF-8"?>
<!-- Generated by org.testng.reporters.JUnitReportReporter -->
<testsuite skipped="0" hostname="Supports-MacBook-Pro-4.local" name="com.farmer.scripts.AdvancePayment.TC_004_AP_Create_New_Payment_Request_If_There_Are_Products_Available_Test" tests="1" failures="0" timestamp="30 Nov 2022 04:21:11 GMT" time="27.568" errors="0">
  <testcase name="advancePaymentsRequest_ProductAvaliable" time="27.568" classname="com.farmer.scripts.AdvancePayment.TC_004_AP_Create_New_Payment_Request_If_There_Are_Products_Available_Test"/>
</testsuite> <!-- com.farmer.scripts.AdvancePayment.TC_004_AP_Create_New_Payment_Request_If_There_Are_Products_Available_Test -->
