<?xml version="1.0" encoding="UTF-8"?>
<!-- Generated by org.testng.reporters.JUnitReportReporter -->
<testsuite skipped="0" hostname="JREDDY.local" name="com.farmer.scripts.MarketPlace.TC11_ProductDetails" tests="1" failures="0" timestamp="07 Jul 2023 04:50:42 GMT" time="26.909" errors="0">
  <testcase name="testProductDetails" time="26.909" classname="com.farmer.scripts.MarketPlace.TC11_ProductDetails"/>
</testsuite> <!-- com.farmer.scripts.MarketPlace.TC11_ProductDetails -->
