<?xml version="1.0" encoding="UTF-8"?>
<!-- Generated by org.testng.reporters.JUnitReportReporter -->
<testsuite skipped="0" hostname="Supports-MacBook-Pro-4.local" name="com.farmer.scripts.Offers.TC_002_Offers_Verify_HistoryTab_Test" tests="1" failures="0" timestamp="30 Nov 2022 04:21:11 GMT" time="6.592" errors="0">
  <testcase name="offers_HistoryTab" time="6.592" classname="com.farmer.scripts.Offers.TC_002_Offers_Verify_HistoryTab_Test"/>
</testsuite> <!-- com.farmer.scripts.Offers.TC_002_Offers_Verify_HistoryTab_Test -->
