<?xml version="1.0" encoding="UTF-8"?>
<!-- Generated by org.testng.reporters.JUnitReportReporter -->
<testsuite skipped="0" hostname="Supports-MacBook-Pro-4.local" name="com.farmer.scripts.WarehouseRequest.TC_005_WH_Verify_Sorting_Operation_By_Recent_Request_Test" tests="1" failures="0" timestamp="2022-08-26T09:18:48 IST" time="4.123" errors="0">
  <testcase name="wareHouse_Request_Sort_By_Recent_Request" time="4.123" classname="com.farmer.scripts.WarehouseRequest.TC_005_WH_Verify_Sorting_Operation_By_Recent_Request_Test"/>
  <system-out/>
</testsuite> <!-- com.farmer.scripts.WarehouseRequest.TC_005_WH_Verify_Sorting_Operation_By_Recent_Request_Test -->
