<?xml version="1.0" encoding="UTF-8"?>
<!-- Generated by org.testng.reporters.JUnitReportReporter -->
<testsuite hostname="TEJASs-MacBook-Pro.local" failures="0" tests="1" name="com.farmer.scripts.SaleRequest.TC_004_SR_Verify_ViewDetails_OpenTab_Test" time="12.437" errors="0" timestamp="23 Nov 2022 10:50:51 GMT" skipped="0">
  <testcase classname="com.farmer.scripts.SaleRequest.TC_004_SR_Verify_ViewDetails_OpenTab_Test" name="salesRequestViewDetails_OpenTab" time="12.437"/>
</testsuite> <!-- com.farmer.scripts.SaleRequest.TC_004_SR_Verify_ViewDetails_OpenTab_Test -->
