<?xml version="1.0" encoding="UTF-8"?>
<!-- Generated by org.testng.reporters.JUnitReportReporter -->
<testsuite skipped="0" hostname="JREDDY.local" name="com.farmer.sripts.MarketPlace.TC07_ValidatePPLMsgInMyCart" tests="1" failures="0" timestamp="19 Jun 2023 04:47:15 GMT" time="26.193" errors="0">
  <testcase name="testpplMsgInMyCart" time="26.193" classname="com.farmer.sripts.MarketPlace.TC07_ValidatePPLMsgInMyCart"/>
</testsuite> <!-- com.farmer.sripts.MarketPlace.TC07_ValidatePPLMsgInMyCart -->
