<?xml version="1.0" encoding="UTF-8"?>
<!-- Generated by org.testng.reporters.JUnitReportReporter -->
<testsuite skipped="0" hostname="Supports-MacBook-Pro-2.local" name="tests.TC_002_WH_Verify_details_after_creating_Direct_Sale_Request_Test" tests="1" failures="0" timestamp="2022-06-13T11:30:18 IST" time="3.321" errors="0">
  <testcase name="WareHouse_DirectSale_Details" time="3.321" classname="tests.TC_002_WH_Verify_details_after_creating_Direct_Sale_Request_Test"/>
  <system-out/>
</testsuite> <!-- tests.TC_002_WH_Verify_details_after_creating_Direct_Sale_Request_Test -->
