<?xml version="1.0" encoding="UTF-8"?>
<!-- Generated by org.testng.reporters.JUnitReportReporter -->
<testsuite skipped="0" hostname="Supports-MacBook-Pro-4.local" name="TestingAccessbilityList" tests="1" failures="0" timestamp="2022-10-18T11:33:10 IST" time="13.378" errors="0">
  <testcase name="list" time="13.378" classname="TestingAccessbilityList"/>
  <system-out/>
</testsuite> <!-- TestingAccessbilityList -->
