<?xml version="1.0" encoding="UTF-8"?>
<!-- Generated by org.testng.reporters.JUnitReportReporter -->
<testsuite skipped="0" hostname="JREDDY.local" name="com.farmer.scripts.SaleRequest.TC_002_SR_Create_New_Sales_Request_Test" tests="1" failures="0" timestamp="03 Aug 2023 04:21:25 GMT" time="57.742" errors="0">
  <testcase name="salesRequest_NewRequest" time="57.742" classname="com.farmer.scripts.SaleRequest.TC_002_SR_Create_New_Sales_Request_Test"/>
</testsuite> <!-- com.farmer.scripts.SaleRequest.TC_002_SR_Create_New_Sales_Request_Test -->
