<?xml version="1.0" encoding="UTF-8"?>
<!-- Generated by org.testng.reporters.JUnitReportReporter -->
<testsuite skipped="0" hostname="Supports-MacBook-Pro-4.local" name="tests.TC_004_SOA_Validate_Date_Test" tests="1" failures="0" timestamp="2022-08-22T12:21:59 IST" time="54.825" errors="0">
  <testcase name="soa_ValidateDate" time="54.825" classname="tests.TC_004_SOA_Validate_Date_Test"/>
  <system-out/>
</testsuite> <!-- tests.TC_004_SOA_Validate_Date_Test -->
