<?xml version="1.0" encoding="UTF-8"?>
<!-- Generated by org.testng.reporters.JUnitReportReporter -->
<testsuite skipped="0" hostname="Supports-MacBook-Pro-4.local" name="tests.TC7_ValidateSoilTest_Test" tests="1" failures="0" timestamp="2022-07-05T14:03:13 IST" time="117.789" errors="0">
  <testcase name="validateSoilTest" time="117.789" classname="tests.TC7_ValidateSoilTest_Test"/>
  <system-out/>
</testsuite> <!-- tests.TC7_ValidateSoilTest_Test -->
