<?xml version="1.0" encoding="UTF-8"?>
<!-- Generated by org.testng.reporters.JUnitReportReporter -->
<testsuite skipped="0" hostname="JREDDY.local" name="com.farmer.scripts.MarketPlace.TC05_ValidateMyOrdersBtn" tests="1" failures="0" timestamp="07 Jul 2023 04:50:57 GMT" time="23.064" errors="0">
  <testcase name="testmarketPlaceMyOrdersBtn" time="23.064" classname="com.farmer.scripts.MarketPlace.TC05_ValidateMyOrdersBtn"/>
</testsuite> <!-- com.farmer.scripts.MarketPlace.TC05_ValidateMyOrdersBtn -->
