<?xml version="1.0" encoding="UTF-8"?>
<!-- Generated by org.testng.reporters.JUnitReportReporter -->
<testsuite skipped="0" hostname="Supports-MacBook-Pro-4.local" name="tests.TC_004_AP_Create_New_Payment_Request_If_There_Are_Products_Available_Test" tests="1" failures="0" timestamp="2022-08-22T12:21:59 IST" time="49.065" errors="0">
  <testcase name="advancePaymentsRequest_ProductAvaliable" time="49.065" classname="tests.TC_004_AP_Create_New_Payment_Request_If_There_Are_Products_Available_Test"/>
  <system-out/>
</testsuite> <!-- tests.TC_004_AP_Create_New_Payment_Request_If_There_Are_Products_Available_Test -->
