<?xml version="1.0" encoding="UTF-8"?>
<!-- Generated by org.testng.reporters.JUnitReportReporter -->
<testsuite skipped="0" hostname="Supports-MacBook-Pro.local" name="tests.TC4_ValidateWareHouseRequest_DirectSaleTest" tests="1" failures="0" timestamp="2022-06-06T13:13:57 IST" time="18.804" errors="0">
  <testcase name="WareHouse_DirectSale" time="18.804" classname="tests.TC4_ValidateWareHouseRequest_DirectSaleTest"/>
  <system-out/>
</testsuite> <!-- tests.TC4_ValidateWareHouseRequest_DirectSaleTest -->
