<?xml version="1.0" encoding="UTF-8"?>
<!-- Generated by org.testng.reporters.JUnitReportReporter -->
<testsuite skipped="0" hostname="Supports-MacBook-Pro-4.local" name="tests.TC_002_SR_Create_New_Sales_Request_Test" tests="1" failures="0" timestamp="2022-08-22T12:21:59 IST" time="498.263" errors="0">
  <testcase name="salesRequest_NewRequest" time="498.263" classname="tests.TC_002_SR_Create_New_Sales_Request_Test"/>
  <system-out/>
</testsuite> <!-- tests.TC_002_SR_Create_New_Sales_Request_Test -->
