<?xml version="1.0" encoding="UTF-8"?>
<!-- Generated by org.testng.reporters.JUnitReportReporter -->
<testsuite skipped="0" hostname="Supports-MacBook-Pro-4.local" name="com.farmer.script.WarehouseAge.TC_001_WH_AgeAboveThreeYears_Test" tests="1" failures="0" timestamp="2022-09-21T12:34:18 IST" time="43.333" errors="0">
  <testcase name="warehouseAgeOlderThanThreeYears" time="43.333" classname="com.farmer.script.WarehouseAge.TC_001_WH_AgeAboveThreeYears_Test"/>
  <system-out/>
</testsuite> <!-- com.farmer.script.WarehouseAge.TC_001_WH_AgeAboveThreeYears_Test -->
