<?xml version="1.0" encoding="UTF-8"?>
<!-- Generated by org.testng.reporters.JUnitReportReporter -->
<testsuite skipped="0" hostname="Supports-MacBook-Pro-4.local" name="tests.TC_001_ST_Create_New_Soil_Test_Request_Test" tests="1" failures="0" timestamp="2022-07-06T10:25:26 IST" time="6.935" errors="0">
  <testcase name="newSoilTest_Creation" time="6.935" classname="tests.TC_001_ST_Create_New_Soil_Test_Request_Test"/>
  <system-out/>
</testsuite> <!-- tests.TC_001_ST_Create_New_Soil_Test_Request_Test -->
