<?xml version="1.0" encoding="UTF-8"?>
<!-- Generated by org.testng.reporters.JUnitReportReporter -->
<testsuite skipped="0" hostname="Supports-MacBook-Pro-4.local" name="com.farmer.scripts.WarehouseRequest.TC_002_WH_Create_Sell_Now_Request_and_verify_ATR_Test" tests="1" failures="0" timestamp="30 Nov 2022 04:21:11 GMT" time="77.791" errors="0">
  <testcase name="wareHouse_SellNow" time="77.791" classname="com.farmer.scripts.WarehouseRequest.TC_002_WH_Create_Sell_Now_Request_and_verify_ATR_Test"/>
</testsuite> <!-- com.farmer.scripts.WarehouseRequest.TC_002_WH_Create_Sell_Now_Request_and_verify_ATR_Test -->
