<?xml version="1.0" encoding="UTF-8"?>
<!-- Generated by org.testng.reporters.JUnitReportReporter -->
<testsuite skipped="0" hostname="JREDDY.local" name="com.farmer.sripts.MarketPlace.TC04_ValidateHomeButtonMP" tests="1" failures="0" timestamp="16 Jun 2023 06:13:13 GMT" time="17.483" errors="0">
  <testcase name="testmarketPlaceHomeBtn" time="17.483" classname="com.farmer.sripts.MarketPlace.TC04_ValidateHomeButtonMP"/>
</testsuite> <!-- com.farmer.sripts.MarketPlace.TC04_ValidateHomeButtonMP -->
