<?xml version="1.0" encoding="UTF-8"?>
<!-- Generated by org.testng.reporters.JUnitReportReporter -->
<testsuite skipped="0" hostname="JREDDY.local" name="com.farmer.scripts.MarketPlace.TC19_PurchaseLimitMessage" tests="1" failures="0" timestamp="26 Jun 2023 04:47:43 GMT" time="49.769" errors="0">
  <testcase name="testPurchaseLimitBalance" time="49.769" classname="com.farmer.scripts.MarketPlace.TC19_PurchaseLimitMessage"/>
</testsuite> <!-- com.farmer.scripts.MarketPlace.TC19_PurchaseLimitMessage -->
