<?xml version="1.0" encoding="UTF-8"?>
<!-- Generated by org.testng.reporters.JUnitReportReporter -->
<testsuite skipped="0" hostname="JREDDY.local" name="com.farmer.scripts.MarketPlace.TC08_ValidateStartShoppingBtn" tests="1" failures="0" timestamp="07 Jul 2023 04:50:32 GMT" time="24.283" errors="0">
  <testcase name="testStartShoppingBtn" time="24.283" classname="com.farmer.scripts.MarketPlace.TC08_ValidateStartShoppingBtn"/>
</testsuite> <!-- com.farmer.scripts.MarketPlace.TC08_ValidateStartShoppingBtn -->
