<?xml version="1.0" encoding="UTF-8"?>
<!-- Generated by org.testng.reporters.JUnitReportReporter -->
<testsuite skipped="0" hostname="Supports-MacBook-Pro-4.local" name="com.farmer.scripts.WarehouseRequest.TC_006_WH_Verify_Filter_Operation_Test" tests="1" failures="0" timestamp="2022-08-26T09:18:48 IST" time="55.638" errors="0">
  <testcase name="wareHouse_Request_Filter_Operation" time="55.638" classname="com.farmer.scripts.WarehouseRequest.TC_006_WH_Verify_Filter_Operation_Test"/>
  <system-out/>
</testsuite> <!-- com.farmer.scripts.WarehouseRequest.TC_006_WH_Verify_Filter_Operation_Test -->
