<?xml version="1.0" encoding="UTF-8"?>
<!-- Generated by org.testng.reporters.JUnitReportReporter -->
<testsuite skipped="0" hostname="JREDDY.local" name="com.farmer.scripts.MarketPlace.TC01_ValidateMarketplaceTitle" tests="1" failures="0" timestamp="07 Jul 2023 04:50:27 GMT" time="73.221" errors="0">
  <testcase name="testmarketPlaceTitle" time="73.221" classname="com.farmer.scripts.MarketPlace.TC01_ValidateMarketplaceTitle"/>
</testsuite> <!-- com.farmer.scripts.MarketPlace.TC01_ValidateMarketplaceTitle -->
