<?xml version="1.0" encoding="UTF-8"?>
<!-- Generated by org.testng.reporters.JUnitReportReporter -->
<testsuite skipped="0" hostname="Supports-MacBook-Pro-4.local" name="tests.TC_001_WH_Verify_Screen_If_No_Records_Are_Avaliable_Test" tests="1" failures="0" timestamp="2022-08-22T17:16:18 IST" time="13.243" errors="0">
  <testcase name="warehouseRequest_NoRecord" time="13.243" classname="tests.TC_001_WH_Verify_Screen_If_No_Records_Are_Avaliable_Test"/>
  <system-out/>
</testsuite> <!-- tests.TC_001_WH_Verify_Screen_If_No_Records_Are_Avaliable_Test -->
