<?xml version="1.0" encoding="UTF-8"?>
<!-- Generated by org.testng.reporters.JUnitReportReporter -->
<testsuite skipped="0" hostname="Supports-MacBook-Pro-4.local" name="com.farmer.scripts.AdvancePayment.TC_003_AP_Verify_The_Amount_Farmer_Is_Eligible_To_Request_Test" tests="1" failures="0" timestamp="30 Nov 2022 04:21:11 GMT" time="31.631" errors="0">
  <testcase name="advancePaymentRequest_RequestAmount" time="31.631" classname="com.farmer.scripts.AdvancePayment.TC_003_AP_Verify_The_Amount_Farmer_Is_Eligible_To_Request_Test"/>
</testsuite> <!-- com.farmer.scripts.AdvancePayment.TC_003_AP_Verify_The_Amount_Farmer_Is_Eligible_To_Request_Test -->
