<?xml version="1.0" encoding="UTF-8"?>
<!-- Generated by org.testng.reporters.JUnitReportReporter -->
<testsuite skipped="0" hostname="Supports-MacBook-Pro-4.local" name="com.farmer.script.SoilTest.TC_002_ST_Record_HistoryTab_Test" tests="1" failures="0" timestamp="30 Nov 2022 04:27:45 GMT" time="29.184" errors="0">
  <testcase name="noRequestYet_HistoryTab" time="29.184" classname="com.farmer.script.SoilTest.TC_002_ST_Record_HistoryTab_Test"/>
</testsuite> <!-- com.farmer.script.SoilTest.TC_002_ST_Record_HistoryTab_Test -->
