<?xml version="1.0" encoding="UTF-8"?>
<!-- Generated by org.testng.reporters.JUnitReportReporter -->
<testsuite skipped="0" hostname="Supports-MacBook-Pro-4.local" name="com.farmer.script.LandInAcres_HarvestDetails.TC_006_LIA_Edit_ChangeProduct_Test" tests="1" failures="0" timestamp="30 Nov 2022 04:21:11 GMT" time="32.606" errors="0">
  <testcase name="editChangeProduct" time="32.606" classname="com.farmer.script.LandInAcres_HarvestDetails.TC_006_LIA_Edit_ChangeProduct_Test"/>
</testsuite> <!-- com.farmer.script.LandInAcres_HarvestDetails.TC_006_LIA_Edit_ChangeProduct_Test -->
