<?xml version="1.0" encoding="UTF-8"?>
<!-- Generated by org.testng.reporters.JUnitReportReporter -->
<testsuite skipped="0" hostname="JREDDY.local" name="com.farmer.scripts.MarketPlace.TC13_SortByPrice" tests="1" failures="0" timestamp="07 Jul 2023 04:50:17 GMT" time="38.453" errors="0">
  <testcase name="testSortBy" time="38.453" classname="com.farmer.scripts.MarketPlace.TC13_SortByPrice"/>
</testsuite> <!-- com.farmer.scripts.MarketPlace.TC13_SortByPrice -->
