<?xml version="1.0" encoding="UTF-8"?>
<!-- Generated by org.testng.reporters.JUnitReportReporter -->
<testsuite skipped="0" hostname="Supports-MacBook-Pro-4.local" name="tests.TC_001_SR_Verify_Screen_If_No_Records_Are_Avaliable_Test" tests="1" failures="0" timestamp="2022-08-22T12:21:59 IST" time="67.725" errors="0">
  <testcase name="salesRequest_NoRecord" time="67.725" classname="tests.TC_001_SR_Verify_Screen_If_No_Records_Are_Avaliable_Test"/>
  <system-out/>
</testsuite> <!-- tests.TC_001_SR_Verify_Screen_If_No_Records_Are_Avaliable_Test -->
