<?xml version="1.0" encoding="UTF-8"?>
<!-- Generated by org.testng.reporters.JUnitReportReporter -->
<testsuite skipped="0" hostname="Supports-MacBook-Pro-4.local" name="com.farmer.script.WarehouseAge.TC_007_WH_AgeWithNoLimit_Test" tests="1" failures="0" timestamp="30 Nov 2022 04:21:11 GMT" time="59.133" errors="0">
  <testcase name="warehouseAgeWithNoLimit" time="59.133" classname="com.farmer.script.WarehouseAge.TC_007_WH_AgeWithNoLimit_Test"/>
</testsuite> <!-- com.farmer.script.WarehouseAge.TC_007_WH_AgeWithNoLimit_Test -->
