<?xml version="1.0" encoding="UTF-8"?>
<!-- Generated by org.testng.reporters.JUnitReportReporter -->
<testsuite skipped="0" hostname="JREDDY.local" name="com.farmer.scripts.MarketPlace.TC06_ValidateCartBtn" tests="1" failures="0" timestamp="07 Jul 2023 04:51:17 GMT" time="22.985" errors="0">
  <testcase name="testmarketPlaceCartBtn" time="22.985" classname="com.farmer.scripts.MarketPlace.TC06_ValidateCartBtn"/>
</testsuite> <!-- com.farmer.scripts.MarketPlace.TC06_ValidateCartBtn -->
