<?xml version="1.0" encoding="UTF-8"?>
<!-- Generated by org.testng.reporters.JUnitReportReporter -->
<testsuite skipped="0" hostname="JREDDY.local" name="tests.TC9_ValidateRewards_Test" tests="1" failures="0" timestamp="03 Aug 2023 04:20:55 GMT" time="20.918" errors="0">
  <testcase name="validateMyRewards" time="20.918" classname="tests.TC9_ValidateRewards_Test"/>
</testsuite> <!-- tests.TC9_ValidateRewards_Test -->
