<?xml version="1.0" encoding="UTF-8"?>
<!-- Generated by org.testng.reporters.JUnitReportReporter -->
<testsuite skipped="0" hostname="Supports-MacBook-Pro-4.local" name="tests.TC_002_SRR_Creating_New_SR_Request_Self_Test" tests="1" failures="0" timestamp="2022-08-22T17:37:08 IST" time="48.246" errors="0">
  <testcase name="stockReleaseRequest_Self" time="48.246" classname="tests.TC_002_SRR_Creating_New_SR_Request_Self_Test"/>
  <system-out/>
</testsuite> <!-- tests.TC_002_SRR_Creating_New_SR_Request_Self_Test -->
