<?xml version="1.0" encoding="UTF-8"?>
<!-- Generated by org.testng.reporters.JUnitReportReporter -->
<testsuite skipped="0" hostname="Supports-MacBook-Pro-4.local" name="com.farmer.scripts.WarehouseRequest.TC_006_WH_Verify_Sorting_Operation_By_Oldest_Request_Test" tests="1" failures="0" timestamp="30 Nov 2022 04:21:11 GMT" time="9.599" errors="0">
  <testcase name="wareHouse_Request_Sort_By_Old_Request" time="9.599" classname="com.farmer.scripts.WarehouseRequest.TC_006_WH_Verify_Sorting_Operation_By_Oldest_Request_Test"/>
</testsuite> <!-- com.farmer.scripts.WarehouseRequest.TC_006_WH_Verify_Sorting_Operation_By_Oldest_Request_Test -->
