<?xml version="1.0" encoding="UTF-8"?>
<!-- Generated by org.testng.reporters.JUnitReportReporter -->
<testsuite skipped="0" hostname="JREDDY.local" name="com.farmer.scripts.MarketPlace.TC12_AddProductToCart" tests="1" failures="0" timestamp="07 Jul 2023 04:50:52 GMT" time="50.454" errors="0">
  <testcase name="testAddProductToCart" time="50.454" classname="com.farmer.scripts.MarketPlace.TC12_AddProductToCart"/>
</testsuite> <!-- com.farmer.scripts.MarketPlace.TC12_AddProductToCart -->
