<?xml version="1.0" encoding="UTF-8"?>
<!-- Generated by org.testng.reporters.JUnitReportReporter -->
<testsuite skipped="0" hostname="Supports-MacBook-Pro.local" name="generic.BaseTest" tests="2" failures="0" timestamp="2022-05-16T17:10:29 IST" time="40.137" errors="0">
  <testcase name="LandingPage" time="7.889" classname="generic.BaseTest"/>
  <system-out/>
  <testcase name="QuickActionMenu" time="32.248" classname="generic.BaseTest"/>
  <system-out/>
</testsuite> <!-- generic.BaseTest -->
