<?xml version="1.0" encoding="UTF-8"?>
<!-- Generated by org.testng.reporters.JUnitReportReporter -->
<testsuite skipped="0" hostname="Supports-MacBook-Pro-4.local" name="tests.TC_008_SRR_Verify_Filter_Operation_Test" tests="1" failures="0" timestamp="2022-08-22T17:37:08 IST" time="54.841" errors="0">
  <testcase name="stockReleaseRequest" time="54.841" classname="tests.TC_008_SRR_Verify_Filter_Operation_Test"/>
  <system-out/>
</testsuite> <!-- tests.TC_008_SRR_Verify_Filter_Operation_Test -->
