<?xml version="1.0" encoding="UTF-8"?>
<!-- Generated by org.testng.reporters.JUnitReportReporter -->
<testsuite skipped="0" hostname="JREDDY.local" name="com.farmer.sripts.MarketPlace.TC02_ValidateWarehouseDetails" tests="1" failures="0" timestamp="15 Jun 2023 11:41:18 GMT" time="28.627" errors="0">
  <testcase name="testmarketPlaceTitle" time="28.627" classname="com.farmer.sripts.MarketPlace.TC02_ValidateWarehouseDetails"/>
</testsuite> <!-- com.farmer.sripts.MarketPlace.TC02_ValidateWarehouseDetails -->
