<?xml version="1.0" encoding="UTF-8"?>
<!-- Generated by org.testng.reporters.JUnitReportReporter -->
<testsuite skipped="0" hostname="JREDDY.local" name="com.farmer.sripts.MarketPlace.TC11_ProductDetails" tests="1" failures="0" timestamp="19 Jun 2023 11:13:32 GMT" time="32.930" errors="0">
  <testcase name="testProductDetails" time="32.930" classname="com.farmer.sripts.MarketPlace.TC11_ProductDetails"/>
</testsuite> <!-- com.farmer.sripts.MarketPlace.TC11_ProductDetails -->
