<?xml version="1.0" encoding="UTF-8"?>
<!-- Generated by org.testng.reporters.JUnitReportReporter -->
<testsuite skipped="0" hostname="Supports-MacBook-Pro-4.local" name="tests.TC_003_AP_Create_New_Advance_Payment_Request_If_There_Are_Products_Available_Test" tests="1" failures="0" timestamp="2022-06-22T13:53:04 IST" time="10.421" errors="0">
  <testcase name="advancePaymentsRequest_ProductAvaliable" time="10.421" classname="tests.TC_003_AP_Create_New_Advance_Payment_Request_If_There_Are_Products_Available_Test"/>
  <system-out/>
</testsuite> <!-- tests.TC_003_AP_Create_New_Advance_Payment_Request_If_There_Are_Products_Available_Test -->
