<?xml version="1.0" encoding="UTF-8"?>
<!-- Generated by org.testng.reporters.JUnitReportReporter -->
<testsuite skipped="0" hostname="Supports-MacBook-Pro-4.local" name="com.farmer.scripts.SOA.TC_001_SOA_Validate_StatementofAccounts_Test" tests="1" failures="0" timestamp="30 Nov 2022 04:21:11 GMT" time="21.135" errors="0">
  <testcase name="validate_SOA" time="21.135" classname="com.farmer.scripts.SOA.TC_001_SOA_Validate_StatementofAccounts_Test"/>
</testsuite> <!-- com.farmer.scripts.SOA.TC_001_SOA_Validate_StatementofAccounts_Test -->
