<?xml version="1.0" encoding="UTF-8"?>
<!-- Generated by org.testng.reporters.JUnitReportReporter -->
<testsuite skipped="0" hostname="Supports-MacBook-Pro-4.local" name="com.farmer.script.WarehouseAge.TC_006_WH_AgeTwotoThree_Test" tests="1" failures="0" timestamp="30 Nov 2022 04:21:11 GMT" time="58.830" errors="0">
  <testcase name="warehouseAgeOnetoTwoYears" time="58.830" classname="com.farmer.script.WarehouseAge.TC_006_WH_AgeTwotoThree_Test"/>
</testsuite> <!-- com.farmer.script.WarehouseAge.TC_006_WH_AgeTwotoThree_Test -->
