<?xml version="1.0" encoding="UTF-8"?>
<!-- Generated by org.testng.reporters.JUnitReportReporter -->
<testsuite skipped="0" hostname="JREDDY.local" name="tests.TC13_ValidateNotificationsReadAll" tests="1" failures="0" timestamp="05 Jul 2023 04:16:48 GMT" time="47.502" errors="0">
  <testcase name="validateNotificationsReadAll" time="47.502" classname="tests.TC13_ValidateNotificationsReadAll"/>
</testsuite> <!-- tests.TC13_ValidateNotificationsReadAll -->
