<?xml version="1.0" encoding="UTF-8"?>
<!-- Generated by org.testng.reporters.JUnitReportReporter -->
<testsuite skipped="0" hostname="JREDDY.local" name="com.farmer.scripts.MarketPlace.TC10_SearchProduct" tests="1" failures="0" timestamp="03 Aug 2023 04:21:40 GMT" time="65.482" errors="0">
  <testcase name="testmarketPlaceCartBtn" time="65.482" classname="com.farmer.scripts.MarketPlace.TC10_SearchProduct"/>
</testsuite> <!-- com.farmer.scripts.MarketPlace.TC10_SearchProduct -->
