<?xml version="1.0" encoding="UTF-8"?>
<!-- Generated by org.testng.reporters.JUnitReportReporter -->
<testsuite skipped="0" hostname="Supports-MacBook-Pro-4.local" name="com.farmer.scripts.StockReleaseRequest.TC_003_SRR_Creating_New_SR_Request_Sell_Test" tests="1" failures="0" timestamp="30 Nov 2022 04:21:11 GMT" time="42.773" errors="0">
  <testcase name="stockReleaseRequest_Sell" time="42.773" classname="com.farmer.scripts.StockReleaseRequest.TC_003_SRR_Creating_New_SR_Request_Sell_Test"/>
</testsuite> <!-- com.farmer.scripts.StockReleaseRequest.TC_003_SRR_Creating_New_SR_Request_Sell_Test -->
