<?xml version="1.0" encoding="UTF-8"?>
<!-- Generated by org.testng.reporters.JUnitReportReporter -->
<testsuite skipped="0" hostname="JREDDY.local" name="tests.TC14_ReadNotificationsMessage" tests="1" failures="0" timestamp="03 Aug 2023 04:21:45 GMT" time="46.194" errors="0">
  <testcase name="validateNotificationsMessage" time="46.194" classname="tests.TC14_ReadNotificationsMessage"/>
</testsuite> <!-- tests.TC14_ReadNotificationsMessage -->
