<?xml version="1.0" encoding="UTF-8"?>
<!-- Generated by org.testng.reporters.JUnitReportReporter -->
<testsuite skipped="0" hostname="Supports-MacBook-Pro-4.local" name="com.farmer.script.WarehouseAge.TC_001_WH_AgeAbove_ThreeYears_Test" tests="1" failures="0" timestamp="30 Nov 2022 04:21:11 GMT" time="37.274" errors="0">
  <testcase name="warehouseAgeOlderThanThreeYears" time="37.274" classname="com.farmer.script.WarehouseAge.TC_001_WH_AgeAbove_ThreeYears_Test"/>
</testsuite> <!-- com.farmer.script.WarehouseAge.TC_001_WH_AgeAbove_ThreeYears_Test -->
