<?xml version="1.0" encoding="UTF-8"?>
<!-- Generated by org.testng.reporters.JUnitReportReporter -->
<testsuite skipped="0" hostname="Supports-MacBook-Pro-4.local" name="tests.TC_001_AP_Create_New_Advance_Payment_Request_If_There_Are_Products_Available_Test" tests="1" failures="0" timestamp="2022-06-21T17:08:28 IST" time="15.233" errors="0">
  <testcase name="AdvancePaymentsRequest" time="15.233" classname="tests.TC_001_AP_Create_New_Advance_Payment_Request_If_There_Are_Products_Available_Test"/>
  <system-out/>
</testsuite> <!-- tests.TC_001_AP_Create_New_Advance_Payment_Request_If_There_Are_Products_Available_Test -->
