<?xml version="1.0" encoding="UTF-8"?>
<!-- Generated by org.testng.reporters.JUnitReportReporter -->
<testsuite skipped="0" hostname="JREDDY.local" name="com.farmer.sripts.MarketPlace.TC09_VerifyProductListing" tests="1" failures="0" timestamp="19 Jun 2023 07:10:30 GMT" time="88.102" errors="0">
  <testcase name="testProductListUnderCategories" time="88.102" classname="com.farmer.sripts.MarketPlace.TC09_VerifyProductListing"/>
</testsuite> <!-- com.farmer.sripts.MarketPlace.TC09_VerifyProductListing -->
