<?xml version="1.0" encoding="UTF-8"?>
<!-- Generated by org.testng.reporters.JUnitReportReporter -->
<testsuite skipped="0" hostname="Supports-MacBook-Pro-4.local" name="tests.TC_001_RWD_Verify_Screen_If_No_Records_Are_Avaliable_Test" tests="1" failures="0" timestamp="2022-08-16T10:10:57 IST" time="31.675" errors="0">
  <testcase name="rewards_NoRecord" time="31.675" classname="tests.TC_001_RWD_Verify_Screen_If_No_Records_Are_Avaliable_Test"/>
  <system-out/>
</testsuite> <!-- tests.TC_001_RWD_Verify_Screen_If_No_Records_Are_Avaliable_Test -->
