<?xml version="1.0" encoding="UTF-8"?>
<!-- Generated by org.testng.reporters.JUnitReportReporter -->
<testsuite skipped="0" hostname="JREDDY.local" name="com.farmer.sripts.MarketPlace.TC10_SearchProduct" tests="1" failures="0" timestamp="19 Jun 2023 09:37:28 GMT" time="69.034" errors="0">
  <testcase name="testmarketPlaceCartBtn" time="69.034" classname="com.farmer.sripts.MarketPlace.TC10_SearchProduct"/>
</testsuite> <!-- com.farmer.sripts.MarketPlace.TC10_SearchProduct -->
