<?xml version="1.0" encoding="UTF-8"?>
<!-- Generated by org.testng.reporters.JUnitReportReporter -->
<testsuite skipped="0" hostname="Supports-MacBook-Pro-4.local" name="com.farmer.scripts.WarehouseRequest.TC_001_WH_Verify_Screen_If_No_Records_Are_Avaliable_Test" tests="1" failures="0" timestamp="30 Nov 2022 04:21:11 GMT" time="12.647" errors="0">
  <testcase name="warehouseRequest_NoRecord" time="12.647" classname="com.farmer.scripts.WarehouseRequest.TC_001_WH_Verify_Screen_If_No_Records_Are_Avaliable_Test"/>
</testsuite> <!-- com.farmer.scripts.WarehouseRequest.TC_001_WH_Verify_Screen_If_No_Records_Are_Avaliable_Test -->
