<?xml version="1.0" encoding="UTF-8"?>
<!-- Generated by org.testng.reporters.JUnitReportReporter -->
<testsuite skipped="0" hostname="JREDDY.local" name="com.farmer.sripts.MarketPlace.TC08_ValidateStartShoppingBtn" tests="1" failures="0" timestamp="19 Jun 2023 05:15:34 GMT" time="26.715" errors="0">
  <testcase name="testStartShoppingBtn" time="26.715" classname="com.farmer.sripts.MarketPlace.TC08_ValidateStartShoppingBtn"/>
</testsuite> <!-- com.farmer.sripts.MarketPlace.TC08_ValidateStartShoppingBtn -->
