<?xml version="1.0" encoding="UTF-8"?>
<!-- Generated by org.testng.reporters.JUnitReportReporter -->
<testsuite skipped="0" hostname="Supports-MacBook-Pro-4.local" name="com.farmer.scripts.WarehouseRequest.TC_004_ViewDetails" tests="1" failures="0" timestamp="2022-08-25T12:02:30 IST" time="109.121" errors="0">
  <testcase name="WH_ViewDetails" time="109.121" classname="com.farmer.scripts.WarehouseRequest.TC_004_ViewDetails"/>
  <system-out/>
</testsuite> <!-- com.farmer.scripts.WarehouseRequest.TC_004_ViewDetails -->
