<?xml version="1.0" encoding="UTF-8"?>
<!-- Generated by org.testng.reporters.JUnitReportReporter -->
<testsuite skipped="0" hostname="Supports-MacBook-Pro.local" name="tests.TC8_VerifyDashDoard_StockDetails" tests="1" failures="0" timestamp="2022-05-20T16:46:16 IST" time="6.540" errors="0">
  <testcase name="verifyDashBoardStockDetails" time="6.540" classname="tests.TC8_VerifyDashDoard_StockDetails"/>
  <system-out/>
</testsuite> <!-- tests.TC8_VerifyDashDoard_StockDetails -->
