<?xml version="1.0" encoding="UTF-8"?>
<!-- Generated by org.testng.reporters.JUnitReportReporter -->
<testsuite skipped="0" hostname="Supports-MacBook-Pro.local" name="tests.TC5_ValidateWareHouseRequest_WareHouseTest" tests="1" failures="0" timestamp="2022-06-06T13:13:57 IST" time="16.387" errors="0">
  <testcase name="WareHouse_WareHouseRequest" time="16.387" classname="tests.TC5_ValidateWareHouseRequest_WareHouseTest"/>
  <system-out/>
</testsuite> <!-- tests.TC5_ValidateWareHouseRequest_WareHouseTest -->
