<?xml version="1.0" encoding="UTF-8"?>
<!-- Generated by org.testng.reporters.JUnitReportReporter -->
<testsuite skipped="0" hostname="Supports-MacBook-Pro-2.local" name="tests.TC_004_WH_Verify_details_after_creating_WareHouse_Request_Test" tests="1" failures="0" timestamp="2022-06-13T11:30:18 IST" time="1.519" errors="0">
  <testcase name="WareHouse_Request_Details" time="1.519" classname="tests.TC_004_WH_Verify_details_after_creating_WareHouse_Request_Test"/>
  <system-out/>
</testsuite> <!-- tests.TC_004_WH_Verify_details_after_creating_WareHouse_Request_Test -->
