<?xml version="1.0" encoding="UTF-8"?>
<!-- Generated by org.testng.reporters.JUnitReportReporter -->
<testsuite skipped="0" hostname="Supports-MacBook-Pro-4.local" name="com.farmer.script.LandInAcres_HarvestDetails.TC_003_LIA_NoHarvestInfo" tests="1" failures="0" timestamp="2022-09-26T13:41:18 IST" time="21.327" errors="0">
  <testcase name="productWithNoHarvestInfo" time="21.327" classname="com.farmer.script.LandInAcres_HarvestDetails.TC_003_LIA_NoHarvestInfo"/>
  <system-out/>
</testsuite> <!-- com.farmer.script.LandInAcres_HarvestDetails.TC_003_LIA_NoHarvestInfo -->
