<?xml version="1.0" encoding="UTF-8"?>
<!-- Generated by org.testng.reporters.JUnitReportReporter -->
<testsuite skipped="0" hostname="JREDDY.local" name="com.farmer.sripts.MarketPlace.TC01_ValidateMarketplaceTitle" tests="1" failures="0" timestamp="15 Jun 2023 11:18:05 GMT" time="8.568" errors="0">
  <testcase name="testmarketPlaceTitle" time="8.568" classname="com.farmer.sripts.MarketPlace.TC01_ValidateMarketplaceTitle"/>
</testsuite> <!-- com.farmer.sripts.MarketPlace.TC01_ValidateMarketplaceTitle -->
