<?xml version="1.0" encoding="UTF-8"?>
<!-- Generated by org.testng.reporters.JUnitReportReporter -->
<testsuite skipped="0" hostname="JREDDY.local" name="com.farmer.scripts.MarketPlace.TC02_ValidateWarehouseDetails" tests="1" failures="0" timestamp="07 Jul 2023 04:50:22 GMT" time="10.112" errors="0">
  <testcase name="testmarketPlaceTitle" time="10.112" classname="com.farmer.scripts.MarketPlace.TC02_ValidateWarehouseDetails"/>
</testsuite> <!-- com.farmer.scripts.MarketPlace.TC02_ValidateWarehouseDetails -->
