<?xml version="1.0" encoding="UTF-8"?>
<!-- Generated by org.testng.reporters.JUnitReportReporter -->
<testsuite skipped="0" hostname="Supports-MacBook-Pro-4.local" name="tests.TC_001_SRR_Verify_Screen_When_SR_Screen_Is_Empty_Test" tests="1" failures="0" timestamp="2022-08-22T17:37:08 IST" time="13.044" errors="0">
  <testcase name="stockRelease_NoRecord" time="13.044" classname="tests.TC_001_SRR_Verify_Screen_When_SR_Screen_Is_Empty_Test"/>
  <system-out/>
</testsuite> <!-- tests.TC_001_SRR_Verify_Screen_When_SR_Screen_Is_Empty_Test -->
