<?xml version="1.0" encoding="UTF-8"?>
<!-- Generated by org.testng.reporters.JUnitReportReporter -->
<testsuite skipped="0" hostname="Supports-MacBook-Pro-4.local" name="tests.TC6_ValidateStatementOfAccountTest" tests="1" failures="0" timestamp="30 Nov 2022 04:21:11 GMT" time="14.937" errors="0">
  <testcase name="validateSOA" time="14.937" classname="tests.TC6_ValidateStatementOfAccountTest"/>
</testsuite> <!-- tests.TC6_ValidateStatementOfAccountTest -->
